Command line:
   tf_bitadder_isim_beh.exe
     -simmode  gui
     -simrunnum  0
     -socket  1556

Fri Mar 17 16:52:58 2017


 Elaboration Time: 0.03125 sec

 Current Memory Usage: 314.446 Meg

 Total Signals          : 43
 Total Nets             : 30
 Total Signal Drivers   : 16
 Total Blocks           : 7
 Total Primitive Blocks : 5
 Total Processes        : 18
 Total Traceable Variables  : 21
 Total Scalar Nets and Variables : 119
Total Line Count : 31

 Total Simulation Time: 0.046875 sec

 Current Memory Usage: 314.446 Meg

Fri Mar 17 16:54:55 2017

