--------------------------------------------------------------------------------
Release 13.4 Trace  (nt)
Copyright (c) 1995-2011 Xilinx, Inc.  All rights reserved.

C:\Xilinx\13.4\ISE_DS\ISE\bin\nt\unwrapped\trce.exe -intstyle ise -v 3 -s 4 -n
3 -fastpaths -xml password.twx password.ncd -o password.twr password.pcf -ucf
password.ucf

Design file:              password.ncd
Physical constraint file: password.pcf
Device,package,speed:     xc3s100e,cp132,-4 (PRODUCTION 1.27 2012-01-07)
Report level:             verbose report

Environment Variable      Effect 
--------------------      ------ 
NONE                      No environment variables were set
--------------------------------------------------------------------------------

INFO:Timing:2698 - No timing constraints found, doing default enumeration.
INFO:Timing:3412 - To improve timing, see the Timing Closure User Guide (UG612).
INFO:Timing:2752 - To get complete path coverage, use the unconstrained paths 
   option. All paths that are not constrained will be reported in the 
   unconstrained paths section(s) of the report.
INFO:Timing:3339 - The clock-to-out numbers in this timing report are based on 
   a 50 Ohm transmission line loading model.  For the details of this model, 
   and for more information on accounting for different loading conditions, 
   please see the device datasheet.
INFO:Timing:3390 - This architecture does not support a default System Jitter 
   value, please add SYSTEM_JITTER constraint to the UCF to modify the Clock 
   Uncertainty calculation.
INFO:Timing:3389 - This architecture does not support 'Discrete Jitter' and 
   'Phase Error' calculations, these terms will be zero in the Clock 
   Uncertainty calculation.  Please make appropriate modification to 
   SYSTEM_JITTER to account for the unsupported Discrete Jitter and Phase 
   Error.



Data Sheet report:
-----------------
All values displayed in nanoseconds (ns)

Setup/Hold to clock clk
------------+------------+------------+------------------+--------+
            |Max Setup to|Max Hold to |                  | Clock  |
Source      | clk (edge) | clk (edge) |Internal Clock(s) | Phase  |
------------+------------+------------+------------------+--------+
enh         |   -0.200(R)|    1.347(R)|clk_BUFGP         |   0.000|
ent         |    5.754(R)|   -0.694(R)|clk_BUFGP         |   0.000|
ofl         |    0.618(R)|    0.688(R)|clk_BUFGP         |   0.000|
setting     |    6.613(R)|   -1.255(R)|clk_BUFGP         |   0.000|
------------+------------+------------+------------------+--------+

Clock clk to Pad
------------+------------+------------------+--------+
            | clk (edge) |                  | Clock  |
Destination |   to PAD   |Internal Clock(s) | Phase  |
------------+------------+------------------+--------+
seven<0>    |   10.958(R)|clk_BUFGP         |   0.000|
seven<1>    |   10.899(R)|clk_BUFGP         |   0.000|
seven<2>    |   11.003(R)|clk_BUFGP         |   0.000|
seven<3>    |   10.626(R)|clk_BUFGP         |   0.000|
seven<4>    |   11.448(R)|clk_BUFGP         |   0.000|
seven<5>    |   10.895(R)|clk_BUFGP         |   0.000|
seven<6>    |   10.284(R)|clk_BUFGP         |   0.000|
sun<0>      |    7.685(R)|clk_BUFGP         |   0.000|
sun<1>      |    7.875(R)|clk_BUFGP         |   0.000|
sun<2>      |    7.902(R)|clk_BUFGP         |   0.000|
sun<3>      |    7.568(R)|clk_BUFGP         |   0.000|
------------+------------+------------------+--------+

Clock to Setup on destination clock clk
---------------+---------+---------+---------+---------+
               | Src:Rise| Src:Fall| Src:Rise| Src:Fall|
Source Clock   |Dest:Rise|Dest:Rise|Dest:Fall|Dest:Fall|
---------------+---------+---------+---------+---------+
clk            |    7.481|         |         |         |
---------------+---------+---------+---------+---------+


Analysis completed Fri Jun 02 17:05:49 2017 
--------------------------------------------------------------------------------

Trace Settings:
-------------------------
Trace Settings 

Peak Memory Usage: 92 MB



