Release 13.4 - xst O.87xd (nt)
Copyright (c) 1995-2011 Xilinx, Inc.  All rights reserved.
--> Parameter TMPDIR set to xst/projnav.tmp


Total REAL time to Xst completion: 0.00 secs
Total CPU time to Xst completion: 0.14 secs
 
--> Parameter xsthdpdir set to xst


Total REAL time to Xst completion: 0.00 secs
Total CPU time to Xst completion: 0.14 secs
 
--> Reading design: multiplier.prj

TABLE OF CONTENTS
  1) Synthesis Options Summary
  2) HDL Compilation
  3) Design Hierarchy Analysis
  4) HDL Analysis
  5) HDL Synthesis
     5.1) HDL Synthesis Report
  6) Advanced HDL Synthesis
     6.1) Advanced HDL Synthesis Report
  7) Low Level Synthesis
  8) Partition Report
  9) Final Report
	9.1) Device utilization summary
	9.2) Partition Resource Summary
	9.3) TIMING REPORT


=========================================================================
*                      Synthesis Options Summary                        *
=========================================================================
---- Source Parameters
Input File Name                    : "multiplier.prj"
Input Format                       : mixed
Ignore Synthesis Constraint File   : NO

---- Target Parameters
Output File Name                   : "multiplier"
Output Format                      : NGC
Target Device                      : xc3s100e-4-cp132

---- Source Options
Top Module Name                    : multiplier
Automatic FSM Extraction           : YES
FSM Encoding Algorithm             : Auto
Safe Implementation                : No
FSM Style                          : LUT
RAM Extraction                     : Yes
RAM Style                          : Auto
ROM Extraction                     : Yes
Mux Style                          : Auto
Decoder Extraction                 : YES
Priority Encoder Extraction        : Yes
Shift Register Extraction          : YES
Logical Shifter Extraction         : YES
XOR Collapsing                     : YES
ROM Style                          : Auto
Mux Extraction                     : Yes
Resource Sharing                   : YES
Asynchronous To Synchronous        : NO
Multiplier Style                   : Auto
Automatic Register Balancing       : No

---- Target Options
Add IO Buffers                     : YES
Global Maximum Fanout              : 100000
Add Generic Clock Buffer(BUFG)     : 24
Register Duplication               : YES
Slice Packing                      : YES
Optimize Instantiated Primitives   : NO
Use Clock Enable                   : Yes
Use Synchronous Set                : Yes
Use Synchronous Reset              : Yes
Pack IO Registers into IOBs        : Auto
Equivalent register Removal        : YES

---- General Options
Optimization Goal                  : Speed
Optimization Effort                : 1
Keep Hierarchy                     : No
Netlist Hierarchy                  : As_Optimized
RTL Output                         : Yes
Global Optimization                : AllClockNets
Read Cores                         : YES
Write Timing Constraints           : NO
Cross Clock Analysis               : NO
Hierarchy Separator                : /
Bus Delimiter                      : <>
Case Specifier                     : Maintain
Slice Utilization Ratio            : 100
BRAM Utilization Ratio             : 100
Verilog 2001                       : YES
Auto BRAM Packing                  : NO
Slice Utilization Ratio Delta      : 5

=========================================================================


=========================================================================
*                          HDL Compilation                              *
=========================================================================
Compiling verilog file "bitadder.v" in library work
Module <adder> compiled
Module <bitadder> compiled
Module <multiplier> compiled
No errors in compilation
Analysis of file <"multiplier.prj"> succeeded.
 

=========================================================================
*                     Design Hierarchy Analysis                         *
=========================================================================
Analyzing hierarchy for module <multiplier> in library <work>.

Analyzing hierarchy for module <bitadder> in library <work>.

Analyzing hierarchy for module <adder> in library <work>.


=========================================================================
*                            HDL Analysis                               *
=========================================================================
Analyzing top module <multiplier>.
WARNING:Xst:916 - "bitadder.v" line 61: Delay is ignored for synthesis.
WARNING:Xst:916 - "bitadder.v" line 64: Delay is ignored for synthesis.
WARNING:Xst:916 - "bitadder.v" line 67: Delay is ignored for synthesis.
WARNING:Xst:916 - "bitadder.v" line 70: Delay is ignored for synthesis.
WARNING:Xst:916 - "bitadder.v" line 71: Delay is ignored for synthesis.
Module <multiplier> is correct for synthesis.
 
Analyzing module <bitadder> in library <work>.
Module <bitadder> is correct for synthesis.
 
Analyzing module <adder> in library <work>.
WARNING:Xst:916 - "bitadder.v" line 26: Delay is ignored for synthesis.
WARNING:Xst:916 - "bitadder.v" line 27: Delay is ignored for synthesis.
Module <adder> is correct for synthesis.
 

=========================================================================
*                           HDL Synthesis                               *
=========================================================================

Performing bidirectional port resolution...

Synthesizing Unit <adder>.
    Related source file is "bitadder.v".
    Found 1-bit xor3 for signal <s>.
    Summary:
	inferred   1 Xor(s).
Unit <adder> synthesized.


Synthesizing Unit <bitadder>.
    Related source file is "bitadder.v".
Unit <bitadder> synthesized.


Synthesizing Unit <multiplier>.
    Related source file is "bitadder.v".
Unit <multiplier> synthesized.


=========================================================================
HDL Synthesis Report

Macro Statistics
# Xors                                                 : 12
 1-bit xor3                                            : 12

=========================================================================

=========================================================================
*                       Advanced HDL Synthesis                          *
=========================================================================


=========================================================================
Advanced HDL Synthesis Report

Macro Statistics
# Xors                                                 : 12
 1-bit xor3                                            : 12

=========================================================================

=========================================================================
*                         Low Level Synthesis                           *
=========================================================================

Optimizing unit <multiplier> ...

Mapping all equations...
Building and optimizing final netlist ...
Found area constraint ratio of 100 (+ 5) on block multiplier, actual ratio is 1.

Final Macro Processing ...

=========================================================================
Final Register Report

Found no macro
=========================================================================

=========================================================================
*                           Partition Report                            *
=========================================================================

Partition Implementation Status
-------------------------------

  No Partitions were found in this design.

-------------------------------

=========================================================================
*                            Final Report                               *
=========================================================================
Final Results
RTL Top Level Output File Name     : multiplier.ngr
Top Level Output File Name         : multiplier
Output Format                      : NGC
Optimization Goal                  : Speed
Keep Hierarchy                     : No

Design Statistics
# IOs                              : 16

Cell Usage :
# BELS                             : 24
#      LUT2                        : 5
#      LUT3                        : 3
#      LUT4                        : 16
# IO Buffers                       : 16
#      IBUF                        : 8
#      OBUF                        : 8
=========================================================================

Device utilization summary:
---------------------------

Selected Device : 3s100ecp132-4 

 Number of Slices:                       14  out of    960     1%  
 Number of 4 input LUTs:                 24  out of   1920     1%  
 Number of IOs:                          16
 Number of bonded IOBs:                  16  out of     83    19%  

---------------------------
Partition Resource Summary:
---------------------------

  No Partitions were found in this design.

---------------------------


=========================================================================
TIMING REPORT

NOTE: THESE TIMING NUMBERS ARE ONLY A SYNTHESIS ESTIMATE.
      FOR ACCURATE TIMING INFORMATION PLEASE REFER TO THE TRACE REPORT
      GENERATED AFTER PLACE-and-ROUTE.

Clock Information:
------------------
No clock signals found in this design

Asynchronous Control Signals Information:
----------------------------------------
No asynchronous control signals found in this design

Timing Summary:
---------------
Speed Grade: -4

   Minimum period: No path found
   Minimum input arrival time before clock: No path found
   Maximum output required time after clock: No path found
   Maximum combinational path delay: 12.936ns

Timing Detail:
--------------
All values displayed in nanoseconds (ns)

=========================================================================
Timing constraint: Default path analysis
  Total number of paths / destination ports: 291 / 8
-------------------------------------------------------------------------
Delay:               12.936ns (Levels of Logic = 8)
  Source:            mi2<0> (PAD)
  Destination:       P<7> (PAD)

  Data Path: mi2<0> to P<7>
                                Gate     Net
    Cell:in->out      fanout   Delay   Delay  Logical Name (Net Name)
    ----------------------------------------  ------------
     IBUF:I->O             6   1.218   0.844  mi2_0_IBUF (mi2_0_IBUF)
     LUT4:I0->O            3   0.704   0.610  a1/a2/Mxor_s_xo<0>1 (ad1<1>)
     LUT4:I1->O            2   0.704   0.482  a2/a2/c1 (a2/C2)
     LUT4:I2->O            2   0.704   0.622  a2/a3/Mxor_s_xo<0>1 (ad2<2>)
     LUT4:I0->O            2   0.704   0.622  a3/a2/c1 (a3/C2)
     LUT4:I0->O            2   0.704   0.622  a3/a3/c1 (a3/C3)
     LUT4:I0->O            1   0.704   0.420  a3/a4/c1 (P_7_OBUF)
     OBUF:I->O                 3.272          P_7_OBUF (P<7>)
    ----------------------------------------
    Total                     12.936ns (8.714ns logic, 4.222ns route)
                                       (67.4% logic, 32.6% route)

=========================================================================


Total REAL time to Xst completion: 5.00 secs
Total CPU time to Xst completion: 5.26 secs
 
--> 

Total memory usage is 148340 kilobytes

Number of errors   :    0 (   0 filtered)
Number of warnings :   11 (   0 filtered)
Number of infos    :    0 (   0 filtered)

