Running: C:\Xilinx\13.4\ISE_DS\ISE\bin\nt\unwrapped\fuse.exe -intstyle ise -incremental -lib unisims_ver -lib unimacro_ver -lib xilinxcorelib_ver -o C:/Youhen/adder_2bit/tb_adder_2bit_isim_beh.exe -prj C:/Youhen/adder_2bit/tb_adder_2bit_beh.prj work.tb_adder_2bit work.glbl 
ISim O.87xd (signature 0x2f00eba5)
Number of CPUs detected in this system: 4
Turning on mult-threading, number of parallel sub-compilation jobs: 8 
Determining compilation order of HDL files
Analyzing Verilog file "C:/Youhen/adder_2bit/adder_2bit.v" into library work
Analyzing Verilog file "C:/Youhen/adder_2bit/tb_adder_2bit.v" into library work
Analyzing Verilog file "C:/Xilinx/13.4/ISE_DS/ISE//verilog/src/glbl.v" into library work
Starting static elaboration
Completed static elaboration
Fuse Memory Usage: 66940 KB
Fuse CPU Usage: 265 ms
Compiling module adder_2bit
Compiling module tb_adder_2bit
Compiling module glbl
Time Resolution for simulation is 1ps.
Waiting for 1 sub-compilation(s) to finish...
Compiled 3 Verilog Units
Built simulation executable C:/Youhen/adder_2bit/tb_adder_2bit_isim_beh.exe
Fuse Memory Usage: 72448 KB
Fuse CPU Usage: 327 ms
